<html>
<head>
<title>TestNG:  ChromeTest</title>
<link href="../testng.css" rel="stylesheet" type="text/css" />
<link href="../my-testng.css" rel="stylesheet" type="text/css" />

<style type="text/css">
.log { display: none;} 
.stack-trace { display: none;} 
</style>
<script type="text/javascript">
<!--
function flip(e) {
  current = e.style.display;
  if (current == 'block') {
    e.style.display = 'none';
    return 0;
  }
  else {
    e.style.display = 'block';
    return 1;
  }
}

function toggleBox(szDivId, elem, msg1, msg2)
{
  var res = -1;  if (document.getElementById) {
    res = flip(document.getElementById(szDivId));
  }
  else if (document.all) {
    // this is the way old msie versions work
    res = flip(document.all[szDivId]);
  }
  if(elem) {
    if(res == 0) elem.innerHTML = msg1; else elem.innerHTML = msg2;
  }

}

function toggleAllBoxes() {
  if (document.getElementsByTagName) {
    d = document.getElementsByTagName('div');
    for (i = 0; i < d.length; i++) {
      if (d[i].className == 'log') {
        flip(d[i]);
      }
    }
  }
}

// -->
</script>

</head>
<body>
<h2 align='center'>ChromeTest</h2><table border='1' align="center">
<tr>
<td>Tests passed/Failed/Skipped:</td><td>2/2/0</td>
</tr><tr>
<td>Started on:</td><td>Sun Jul 28 13:26:52 IST 2019</td>
</tr>
<tr><td>Total time:</td><td>197 seconds (197572 ms)</td>
</tr><tr>
<td>Included groups:</td><td></td>
</tr><tr>
<td>Excluded groups:</td><td></td>
</tr>
</table><p/>
<small><i>(Hover the method name to see the test class name)</i></small><p/>
<table width='100%' border='1' class='invocation-failed'>
<tr><td colspan='4' align='center'><b>FAILED TESTS</b></td></tr>
<tr><td><b>Test method</b></td>
<td width="30%"><b>Exception</b></td>
<td width="10%"><b>Time (seconds)</b></td>
<td><b>Instance</b></td>
</tr>
<tr>
<td title='com.actitime.tests.VerifyBuildNumTest.testVerifyBuildNum()'><b>testVerifyBuildNum</b><br>Test class: com.actitime.tests.VerifyBuildNumTest<br/>
<a href="#Output-25126748" onClick='toggleBox("Output-25126748", this, "Show output", "Hide output");'>Show output</a>

<a href="#Output-25126748" onClick="toggleAllBoxes();">Show all outputs</a>
<div class='log' id="Output-25126748">
Title is matching: actiTIME - Login<br/>
Valid usernamme:admin<br/>
Valid password:manager<br/>
Title is matching: actiTIME - Enter Time-Track<br/>
element is not present<br/>
</div>
</td>
<td><div><pre>java.lang.AssertionError: null
	at com.actitime.generic.BasePage.verifyElement(BasePage.java:44)
	at com.actitime.pages.EnterTimeTrackPage.verifyBuildNum(EnterTimeTrackPage.java:47)
	at com.actitime.tests.VerifyBuildNumTest.testVerifyBuildNum(VerifyBuildNumTest.java:50)
... Removed 27 stack frames</pre></div><a href='#' onClick='toggleBox("stack-trace25126748", this, "Click to show all stack frames", "Click to hide stack frames")'>Click to show all stack frames</a>
<div class='stack-trace' id='stack-trace25126748'><pre>java.lang.AssertionError: null
	at org.testng.Assert.fail(Assert.java:96)
	at org.testng.Assert.fail(Assert.java:103)
	at com.actitime.generic.BasePage.verifyElement(BasePage.java:44)
	at com.actitime.pages.EnterTimeTrackPage.verifyBuildNum(EnterTimeTrackPage.java:47)
	at com.actitime.tests.VerifyBuildNumTest.testVerifyBuildNum(VerifyBuildNumTest.java:50)
	at sun.reflect.NativeMethodAccessorImpl.invoke0(Native Method)
	at sun.reflect.NativeMethodAccessorImpl.invoke(Unknown Source)
	at sun.reflect.DelegatingMethodAccessorImpl.invoke(Unknown Source)
	at java.lang.reflect.Method.invoke(Unknown Source)
	at org.testng.internal.MethodInvocationHelper.invokeMethod(MethodInvocationHelper.java:124)
	at org.testng.internal.Invoker.invokeMethod(Invoker.java:583)
	at org.testng.internal.Invoker.invokeTestMethod(Invoker.java:719)
	at org.testng.internal.Invoker.invokeTestMethods(Invoker.java:989)
	at org.testng.internal.TestMethodWorker.invokeTestMethods(TestMethodWorker.java:125)
	at org.testng.internal.TestMethodWorker.run(TestMethodWorker.java:109)
	at org.testng.TestRunner.privateRun(TestRunner.java:648)
	at org.testng.TestRunner.run(TestRunner.java:505)
	at org.testng.SuiteRunner.runTest(SuiteRunner.java:455)
	at org.testng.SuiteRunner.runSequentially(SuiteRunner.java:450)
	at org.testng.SuiteRunner.privateRun(SuiteRunner.java:415)
	at org.testng.SuiteRunner.run(SuiteRunner.java:364)
	at org.testng.SuiteRunnerWorker.runSuite(SuiteRunnerWorker.java:52)
	at org.testng.SuiteRunnerWorker.run(SuiteRunnerWorker.java:84)
	at org.testng.TestNG.runSuitesSequentially(TestNG.java:1208)
	at org.testng.TestNG.runSuitesLocally(TestNG.java:1137)
	at org.testng.TestNG.runSuites(TestNG.java:1049)
	at org.testng.TestNG.run(TestNG.java:1017)
	at org.testng.remote.AbstractRemoteTestNG.run(AbstractRemoteTestNG.java:114)
	at org.testng.remote.RemoteTestNG.initAndRun(RemoteTestNG.java:251)
	at org.testng.remote.RemoteTestNG.main(RemoteTestNG.java:77)
</pre></div></td>
<td>27</td>
<td>com.actitime.tests.VerifyBuildNumTest@5cb137</td></tr>
<tr>
<td title='com.actitime.tests.VerifyVersionTesst.testVerifyVersion()'><b>testVerifyVersion</b><br>Test class: com.actitime.tests.VerifyVersionTesst<br/>
<a href="#Output-33304870" onClick='toggleBox("Output-33304870", this, "Show output", "Hide output");'>Show output</a>

<a href="#Output-33304870" onClick="toggleAllBoxes();">Show all outputs</a>
<div class='log' id="Output-33304870">
Title is matching: actiTIME - Login<br/>
element is present<br/>
Actual Version:actiTIME 2019.3 Pro<br/>
Expected Version:actiTIME 2019.2 Pro<br/>
</div>
</td>
<td><div><pre>java.lang.AssertionError: The following asserts failed:
	version is not matching expected [actiTIME 2019.2 Pro] but found [actiTIME 2019.3 Pro]
	at com.actitime.tests.VerifyVersionTesst.testVerifyVersion(VerifyVersionTesst.java:30)
... Removed 26 stack frames</pre></div><a href='#' onClick='toggleBox("stack-trace33304870", this, "Click to show all stack frames", "Click to hide stack frames")'>Click to show all stack frames</a>
<div class='stack-trace' id='stack-trace33304870'><pre>java.lang.AssertionError: The following asserts failed:
	version is not matching expected [actiTIME 2019.2 Pro] but found [actiTIME 2019.3 Pro]
	at org.testng.asserts.SoftAssert.assertAll(SoftAssert.java:43)
	at com.actitime.tests.VerifyVersionTesst.testVerifyVersion(VerifyVersionTesst.java:30)
	at sun.reflect.NativeMethodAccessorImpl.invoke0(Native Method)
	at sun.reflect.NativeMethodAccessorImpl.invoke(Unknown Source)
	at sun.reflect.DelegatingMethodAccessorImpl.invoke(Unknown Source)
	at java.lang.reflect.Method.invoke(Unknown Source)
	at org.testng.internal.MethodInvocationHelper.invokeMethod(MethodInvocationHelper.java:124)
	at org.testng.internal.Invoker.invokeMethod(Invoker.java:583)
	at org.testng.internal.Invoker.invokeTestMethod(Invoker.java:719)
	at org.testng.internal.Invoker.invokeTestMethods(Invoker.java:989)
	at org.testng.internal.TestMethodWorker.invokeTestMethods(TestMethodWorker.java:125)
	at org.testng.internal.TestMethodWorker.run(TestMethodWorker.java:109)
	at org.testng.TestRunner.privateRun(TestRunner.java:648)
	at org.testng.TestRunner.run(TestRunner.java:505)
	at org.testng.SuiteRunner.runTest(SuiteRunner.java:455)
	at org.testng.SuiteRunner.runSequentially(SuiteRunner.java:450)
	at org.testng.SuiteRunner.privateRun(SuiteRunner.java:415)
	at org.testng.SuiteRunner.run(SuiteRunner.java:364)
	at org.testng.SuiteRunnerWorker.runSuite(SuiteRunnerWorker.java:52)
	at org.testng.SuiteRunnerWorker.run(SuiteRunnerWorker.java:84)
	at org.testng.TestNG.runSuitesSequentially(TestNG.java:1208)
	at org.testng.TestNG.runSuitesLocally(TestNG.java:1137)
	at org.testng.TestNG.runSuites(TestNG.java:1049)
	at org.testng.TestNG.run(TestNG.java:1017)
	at org.testng.remote.AbstractRemoteTestNG.run(AbstractRemoteTestNG.java:114)
	at org.testng.remote.RemoteTestNG.initAndRun(RemoteTestNG.java:251)
	at org.testng.remote.RemoteTestNG.main(RemoteTestNG.java:77)
</pre></div></td>
<td>0</td>
<td>com.actitime.tests.VerifyVersionTesst@41eaa2</td></tr>
</table><p>
<table width='100%' border='1' class='invocation-passed'>
<tr><td colspan='4' align='center'><b>PASSED TESTS</b></td></tr>
<tr><td><b>Test method</b></td>
<td width="30%"><b>Exception</b></td>
<td width="10%"><b>Time (seconds)</b></td>
<td><b>Instance</b></td>
</tr>
<tr>
<td title='com.actitime.tests.InvalidLoginTest.testInvalidLogin()'><b>testInvalidLogin</b><br>Test class: com.actitime.tests.InvalidLoginTest<br/>
<a href="#Output-15986600" onClick='toggleBox("Output-15986600", this, "Show output", "Hide output");'>Show output</a>

<a href="#Output-15986600" onClick="toggleAllBoxes();">Show all outputs</a>
<div class='log' id="Output-15986600">
Title is matching: actiTIME - Login<br/>
InValid usernamme:admin<br/>
InValid password:danager<br/>
element is present<br/>
Actual Erroe msg:Username or Password is invalid. Please try again.<br/>
expexted erroe Msg:Username or Password is invalid. Please try again.<br/>
Error msg matching:<br/>
===================================<br/>
InValid usernamme:prabha<br/>
InValid password:manager<br/>
element is present<br/>
Actual Erroe msg:Username or Password is invalid. Please try again.<br/>
expexted erroe Msg:Username or Password is invalid. Please try again.<br/>
Error msg matching:<br/>
===================================<br/>
InValid usernamme:jspiders<br/>
InValid password:qspieder<br/>
element is present<br/>
Actual Erroe msg:Username or Password is invalid. Please try again.<br/>
expexted erroe Msg:Username or Password is invalid. Please try again.<br/>
Error msg matching:<br/>
===================================<br/>
InValid usernamme:<br/>
InValid password:manager<br/>
element is present<br/>
Actual Erroe msg:Username or Password is invalid. Please try again.<br/>
expexted erroe Msg:Username or Password is invalid. Please try again.<br/>
Error msg matching:<br/>
===================================<br/>
InValid usernamme:admin<br/>
InValid password:<br/>
element is present<br/>
Actual Erroe msg:Username or Password is invalid. Please try again.<br/>
expexted erroe Msg:Username or Password is invalid. Please try again.<br/>
Error msg matching:<br/>
===================================<br/>
InValid usernamme:@<br/>
InValid password:$<br/>
element is present<br/>
Actual Erroe msg:Username or Password is invalid. Please try again.<br/>
expexted erroe Msg:Username or Password is invalid. Please try again.<br/>
Error msg matching:<br/>
===================================<br/>
InValid usernamme:1<br/>
InValid password:2<br/>
element is present<br/>
Actual Erroe msg:Username or Password is invalid. Please try again.<br/>
expexted erroe Msg:Username or Password is invalid. Please try again.<br/>
Error msg matching:<br/>
===================================<br/>
</div>
</td>
<td></td>
<td>23</td>
<td>com.actitime.tests.InvalidLoginTest@4ed9f0</td></tr>
<tr>
<td title='com.actitime.tests.ValidLoginLogoutTest.testValidLoginLogout()'><b>testValidLoginLogout</b><br>Test class: com.actitime.tests.ValidLoginLogoutTest<br/>
<a href="#Output-20602741" onClick='toggleBox("Output-20602741", this, "Show output", "Hide output");'>Show output</a>

<a href="#Output-20602741" onClick="toggleAllBoxes();">Show all outputs</a>
<div class='log' id="Output-20602741">
Title is matching: actiTIME - Login<br/>
Valid usernamme:admin<br/>
Valid password:manager<br/>
Title is matching: actiTIME - Enter Time-Track<br/>
</div>
</td>
<td></td>
<td>18</td>
<td>com.actitime.tests.ValidLoginLogoutTest@4f787b</td></tr>
</table><p>
</body>
</html>