<?xml version="1.0" encoding="UTF-8"?>
<!-- Generated by org.testng.reporters.JUnitXMLReporter -->
<testsuite hostname="admin-PC" ignored="0" name="ChromeTest" tests="4" failures="2" timestamp="28 Jul 2019 08:00:09 GMT" time="197.572" errors="0">
  <testcase name="testValidLoginLogout" time="18.179" classname="com.actitime.tests.ValidLoginLogoutTest"/>
  <testcase name="testInvalidLogin" time="23.734" classname="com.actitime.tests.InvalidLoginTest"/>
  <testcase name="testVerifyVersion" time="0.286" classname="com.actitime.tests.VerifyVersionTesst">
    <failure type="java.lang.AssertionError" message="The following asserts failed:
	version is not matching expected [actiTIME 2019.2 Pro] but found [actiTIME 2019.3 Pro]">
      <![CDATA[java.lang.AssertionError: The following asserts failed:
version is not matching expected [actiTIME 2019.2 Pro] but found [actiTIME 2019.3 Pro]
at com.actitime.tests.VerifyVersionTesst.testVerifyVersion(VerifyVersionTesst.java:30)
... Removed 26 stack frames]]>
    </failure>
  </testcase> <!-- testVerifyVersion -->
  <testcase name="testVerifyBuildNum" time="27.089" classname="com.actitime.tests.VerifyBuildNumTest">
    <failure type="java.lang.AssertionError" message="null">
      <![CDATA[java.lang.AssertionError: null
at com.actitime.generic.BasePage.verifyElement(BasePage.java:44)
at com.actitime.pages.EnterTimeTrackPage.verifyBuildNum(EnterTimeTrackPage.java:47)
at com.actitime.tests.VerifyBuildNumTest.testVerifyBuildNum(VerifyBuildNumTest.java:50)
... Removed 27 stack frames]]>
    </failure>
  </testcase> <!-- testVerifyBuildNum -->
</testsuite> <!-- ChromeTest -->
