<!DOCTYPE html PUBLIC "-//W3C//DTD XHTML 1.1//EN" "http://www.w3.org/TR/xhtml11/DTD/xhtml11.dtd">
<html xmlns="http://www.w3.org/1999/xhtml">
<head>
<meta http-equiv="content-type" content="text/html; charset=UTF-8"/>
<title>TestNG Report</title>
<style type="text/css">table {margin-bottom:10px;border-collapse:collapse;empty-cells:show}th,td {border:1px solid #009;padding:.25em .5em}th {vertical-align:bottom}td {vertical-align:top}table a {font-weight:bold}.stripe td {background-color: #E6EBF9}.num {text-align:right}.passedodd td {background-color: #3F3}.passedeven td {background-color: #0A0}.skippedodd td {background-color: #DDD}.skippedeven td {background-color: #CCC}.failedodd td,.attn {background-color: #F33}.failedeven td,.stripe .attn {background-color: #D00}.stacktrace {white-space:pre;font-family:monospace}.totop {font-size:85%;text-align:center;border-bottom:2px solid #000}.invisible {display:none}</style>
</head>
<body>
<table>
<tr><th>Test</th><th># Passed</th><th># Skipped</th><th># Failed</th><th>Time (ms)</th><th>Included Groups</th><th>Excluded Groups</th></tr>
<tr><th colspan="7">Suite</th></tr>
<tr><td><a href="#t0">ChromeTest</a></td><td class="num">2</td><td class="num">0</td><td class="num attn">2</td><td class="num">197,572</td><td></td><td></td></tr>
</table>
<table id='summary'><thead><tr><th>Class</th><th>Method</th><th>Start</th><th>Time (ms)</th></tr></thead><tbody><tr><th colspan="4">Suite</th></tr></tbody><tbody id="t0"><tr><th colspan="4">ChromeTest &#8212; failed</th></tr><tr class="failedeven"><td rowspan="1">com.actitime.tests.VerifyBuildNumTest</td><td><a href="#m0">testVerifyBuildNum</a></td><td rowspan="1">1564300780068</td><td rowspan="1">27089</td></tr><tr class="failedodd"><td rowspan="1">com.actitime.tests.VerifyVersionTesst</td><td><a href="#m1">testVerifyVersion</a></td><td rowspan="1">1564300758984</td><td rowspan="1">286</td></tr><tr><th colspan="4">ChromeTest &#8212; passed</th></tr><tr class="passedeven"><td rowspan="1">com.actitime.tests.InvalidLoginTest</td><td><a href="#m2">testInvalidLogin</a></td><td rowspan="1">1564300718501</td><td rowspan="1">23734</td></tr><tr class="passedodd"><td rowspan="1">com.actitime.tests.ValidLoginLogoutTest</td><td><a href="#m3">testValidLoginLogout</a></td><td rowspan="1">1564300652807</td><td rowspan="1">18179</td></tr></tbody>
</table>
<h2>ChromeTest</h2><h3 id="m0">com.actitime.tests.VerifyBuildNumTest#testVerifyBuildNum</h3><table class="result"><tr><th>Messages</th></tr><tr><td><div class="messages">Title is matching: actiTIME - Login<br/>Valid usernamme:admin<br/>Valid password:manager<br/>Title is matching: actiTIME - Enter Time-Track<br/>element is not present</div></td></tr><tr><th>Exception</th></tr><tr><td><div class="stacktrace">java.lang.AssertionError: null
	at com.actitime.generic.BasePage.verifyElement(BasePage.java:44)
	at com.actitime.pages.EnterTimeTrackPage.verifyBuildNum(EnterTimeTrackPage.java:47)
	at com.actitime.tests.VerifyBuildNumTest.testVerifyBuildNum(VerifyBuildNumTest.java:50)
... Removed 27 stack frames</div></td></tr></table><p class="totop"><a href="#summary">back to summary</a></p>
<h3 id="m1">com.actitime.tests.VerifyVersionTesst#testVerifyVersion</h3><table class="result"><tr><th>Messages</th></tr><tr><td><div class="messages">Title is matching: actiTIME - Login<br/>element is present<br/>Actual Version:actiTIME 2019.3 Pro<br/>Expected Version:actiTIME 2019.2 Pro</div></td></tr><tr><th>Exception</th></tr><tr><td><div class="stacktrace">java.lang.AssertionError: The following asserts failed:
	version is not matching expected [actiTIME 2019.2 Pro] but found [actiTIME 2019.3 Pro]
	at com.actitime.tests.VerifyVersionTesst.testVerifyVersion(VerifyVersionTesst.java:30)
... Removed 26 stack frames</div></td></tr></table><p class="totop"><a href="#summary">back to summary</a></p>
<h3 id="m2">com.actitime.tests.InvalidLoginTest#testInvalidLogin</h3><table class="result"><tr><th>Messages</th></tr><tr><td><div class="messages">Title is matching: actiTIME - Login<br/>InValid usernamme:admin<br/>InValid password:danager<br/>element is present<br/>Actual Erroe msg:Username or Password is invalid. Please try again.<br/>expexted erroe Msg:Username or Password is invalid. Please try again.<br/>Error msg matching:<br/>===================================<br/>InValid usernamme:prabha<br/>InValid password:manager<br/>element is present<br/>Actual Erroe msg:Username or Password is invalid. Please try again.<br/>expexted erroe Msg:Username or Password is invalid. Please try again.<br/>Error msg matching:<br/>===================================<br/>InValid usernamme:jspiders<br/>InValid password:qspieder<br/>element is present<br/>Actual Erroe msg:Username or Password is invalid. Please try again.<br/>expexted erroe Msg:Username or Password is invalid. Please try again.<br/>Error msg matching:<br/>===================================<br/>InValid usernamme:<br/>InValid password:manager<br/>element is present<br/>Actual Erroe msg:Username or Password is invalid. Please try again.<br/>expexted erroe Msg:Username or Password is invalid. Please try again.<br/>Error msg matching:<br/>===================================<br/>InValid usernamme:admin<br/>InValid password:<br/>element is present<br/>Actual Erroe msg:Username or Password is invalid. Please try again.<br/>expexted erroe Msg:Username or Password is invalid. Please try again.<br/>Error msg matching:<br/>===================================<br/>InValid usernamme:@<br/>InValid password:$<br/>element is present<br/>Actual Erroe msg:Username or Password is invalid. Please try again.<br/>expexted erroe Msg:Username or Password is invalid. Please try again.<br/>Error msg matching:<br/>===================================<br/>InValid usernamme:1<br/>InValid password:2<br/>element is present<br/>Actual Erroe msg:Username or Password is invalid. Please try again.<br/>expexted erroe Msg:Username or Password is invalid. Please try again.<br/>Error msg matching:<br/>===================================</div></td></tr></table><p class="totop"><a href="#summary">back to summary</a></p>
<h3 id="m3">com.actitime.tests.ValidLoginLogoutTest#testValidLoginLogout</h3><table class="result"><tr><th>Messages</th></tr><tr><td><div class="messages">Title is matching: actiTIME - Login<br/>Valid usernamme:admin<br/>Valid password:manager<br/>Title is matching: actiTIME - Enter Time-Track</div></td></tr></table><p class="totop"><a href="#summary">back to summary</a></p>
</body>
</html>
