<!DOCTYPE html>

<html>
  <head>
  <meta charset='utf-8'>
  <title>TestNG reports</title>

    <link type="text/css" href="testng-reports.css" rel="stylesheet" />
    <script type="text/javascript" src="jquery-1.7.1.min.js"></script>
    <script type="text/javascript" src="testng-reports.js"></script>
    <script type="text/javascript" src="https://www.google.com/jsapi"></script>
    <script type='text/javascript'>
      google.load('visualization', '1', {packages:['table']});
      google.setOnLoadCallback(drawTable);
      var suiteTableInitFunctions = new Array();
      var suiteTableData = new Array();
    </script>
    <!--
      <script type="text/javascript" src="jquery-ui/js/jquery-ui-1.8.16.custom.min.js"></script>
     -->
  </head>

  <body>
    <div class="top-banner-root">
      <span class="top-banner-title-font">Test results</span>
      <br/>
      <span class="top-banner-font-1">1 suite, 2 failed tests</span>
    </div> <!-- top-banner-root -->
    <div class="navigator-root">
      <div class="navigator-suite-header">
        <span>All suites</span>
        <a href="#" class="collapse-all-link" title="Collapse/expand all the suites">
          <img class="collapse-all-icon" src="collapseall.gif">
          </img> <!-- collapse-all-icon -->
        </a> <!-- collapse-all-link -->
      </div> <!-- navigator-suite-header -->
      <div class="suite">
        <div class="rounded-window">
          <div class="suite-header light-rounded-window-top">
            <a href="#" class="navigator-link" panel-name="suite-Suite">
              <span class="suite-name border-failed">Suite</span>
            </a> <!-- navigator-link -->
          </div> <!-- suite-header light-rounded-window-top -->
          <div class="navigator-suite-content">
            <div class="suite-section-title">
              <span>Info</span>
            </div> <!-- suite-section-title -->
            <div class="suite-section-content">
              <ul>
                <li>
                  <a href="#" class="navigator-link " panel-name="test-xml-Suite">
                    <span>D:\qspider java class\Project management\ActiTime\testng.xml</span>
                  </a> <!-- navigator-link  -->
                </li>
                <li>
                  <a href="#" class="navigator-link " panel-name="testlist-Suite">
                    <span class="test-stats">1 test</span>
                  </a> <!-- navigator-link  -->
                </li>
                <li>
                  <a href="#" class="navigator-link " panel-name="group-Suite">
                    <span>0 groups</span>
                  </a> <!-- navigator-link  -->
                </li>
                <li>
                  <a href="#" class="navigator-link " panel-name="times-Suite">
                    <span>Times</span>
                  </a> <!-- navigator-link  -->
                </li>
                <li>
                  <a href="#" class="navigator-link " panel-name="reporter-Suite">
                    <span>Reporter output</span>
                  </a> <!-- navigator-link  -->
                </li>
                <li>
                  <a href="#" class="navigator-link " panel-name="ignored-methods-Suite">
                    <span>Ignored methods</span>
                  </a> <!-- navigator-link  -->
                </li>
                <li>
                  <a href="#" class="navigator-link " panel-name="chronological-Suite">
                    <span>Chronological view</span>
                  </a> <!-- navigator-link  -->
                </li>
              </ul>
            </div> <!-- suite-section-content -->
            <div class="result-section">
              <div class="suite-section-title">
                <span>Results</span>
              </div> <!-- suite-section-title -->
              <div class="suite-section-content">
                <ul>
                  <li>
                    <span class="method-stats">4 methods, 2 failed,   2 passed</span>
                  </li>
                  <li>
                    <span class="method-list-title failed">Failed methods</span>
                    <span class="show-or-hide-methods failed">
                      <a href="#" panel-name="suite-Suite" class="hide-methods failed suite-Suite"> (hide)</a> <!-- hide-methods failed suite-Suite -->
                      <a href="#" panel-name="suite-Suite" class="show-methods failed suite-Suite"> (show)</a> <!-- show-methods failed suite-Suite -->
                    </span>
                    <div class="method-list-content failed suite-Suite">
                      <span>
                        <img width="3%" src="failed.png"/>
                        <a href="#" class="method navigator-link" panel-name="suite-Suite" title="com.actitime.tests.VerifyBuildNumTest" hash-for-method="testVerifyBuildNum">testVerifyBuildNum</a> <!-- method navigator-link -->
                      </span>
                      <br/>
                      <span>
                        <img width="3%" src="failed.png"/>
                        <a href="#" class="method navigator-link" panel-name="suite-Suite" title="com.actitime.tests.VerifyVersionTesst" hash-for-method="testVerifyVersion">testVerifyVersion</a> <!-- method navigator-link -->
                      </span>
                      <br/>
                    </div> <!-- method-list-content failed suite-Suite -->
                  </li>
                  <li>
                    <span class="method-list-title passed">Passed methods</span>
                    <span class="show-or-hide-methods passed">
                      <a href="#" panel-name="suite-Suite" class="hide-methods passed suite-Suite"> (hide)</a> <!-- hide-methods passed suite-Suite -->
                      <a href="#" panel-name="suite-Suite" class="show-methods passed suite-Suite"> (show)</a> <!-- show-methods passed suite-Suite -->
                    </span>
                    <div class="method-list-content passed suite-Suite">
                      <span>
                        <img width="3%" src="passed.png"/>
                        <a href="#" class="method navigator-link" panel-name="suite-Suite" title="com.actitime.tests.InvalidLoginTest" hash-for-method="testInvalidLogin">testInvalidLogin</a> <!-- method navigator-link -->
                      </span>
                      <br/>
                      <span>
                        <img width="3%" src="passed.png"/>
                        <a href="#" class="method navigator-link" panel-name="suite-Suite" title="com.actitime.tests.ValidLoginLogoutTest" hash-for-method="testValidLoginLogout">testValidLoginLogout</a> <!-- method navigator-link -->
                      </span>
                      <br/>
                    </div> <!-- method-list-content passed suite-Suite -->
                  </li>
                </ul>
              </div> <!-- suite-section-content -->
            </div> <!-- result-section -->
          </div> <!-- navigator-suite-content -->
        </div> <!-- rounded-window -->
      </div> <!-- suite -->
    </div> <!-- navigator-root -->
    <div class="wrapper">
      <div class="main-panel-root">
        <div panel-name="suite-Suite" class="panel Suite">
          <div class="suite-Suite-class-failed">
            <div class="main-panel-header rounded-window-top">
              <img src="failed.png"/>
              <span class="class-name">com.actitime.tests.VerifyBuildNumTest</span>
            </div> <!-- main-panel-header rounded-window-top -->
            <div class="main-panel-content rounded-window-bottom">
              <div class="method">
                <div class="method-content">
                  <a name="testVerifyBuildNum">
                  </a> <!-- testVerifyBuildNum -->
                  <span class="method-name">testVerifyBuildNum</span>
                  <div class="stack-trace">java.lang.AssertionError: null
	at com.actitime.generic.BasePage.verifyElement(BasePage.java:44)
	at com.actitime.pages.EnterTimeTrackPage.verifyBuildNum(EnterTimeTrackPage.java:47)
	at com.actitime.tests.VerifyBuildNumTest.testVerifyBuildNum(VerifyBuildNumTest.java:50)
... Removed 27 stack frames
</div> <!-- stack-trace -->
                </div> <!-- method-content -->
              </div> <!-- method -->
            </div> <!-- main-panel-content rounded-window-bottom -->
          </div> <!-- suite-Suite-class-failed -->
          <div class="suite-Suite-class-failed">
            <div class="main-panel-header rounded-window-top">
              <img src="failed.png"/>
              <span class="class-name">com.actitime.tests.VerifyVersionTesst</span>
            </div> <!-- main-panel-header rounded-window-top -->
            <div class="main-panel-content rounded-window-bottom">
              <div class="method">
                <div class="method-content">
                  <a name="testVerifyVersion">
                  </a> <!-- testVerifyVersion -->
                  <span class="method-name">testVerifyVersion</span>
                  <div class="stack-trace">java.lang.AssertionError: The following asserts failed:
	version is not matching expected [actiTIME 2019.2 Pro] but found [actiTIME 2019.3 Pro]
	at com.actitime.tests.VerifyVersionTesst.testVerifyVersion(VerifyVersionTesst.java:30)
... Removed 26 stack frames
</div> <!-- stack-trace -->
                </div> <!-- method-content -->
              </div> <!-- method -->
            </div> <!-- main-panel-content rounded-window-bottom -->
          </div> <!-- suite-Suite-class-failed -->
          <div class="suite-Suite-class-passed">
            <div class="main-panel-header rounded-window-top">
              <img src="passed.png"/>
              <span class="class-name">com.actitime.tests.InvalidLoginTest</span>
            </div> <!-- main-panel-header rounded-window-top -->
            <div class="main-panel-content rounded-window-bottom">
              <div class="method">
                <div class="method-content">
                  <a name="testInvalidLogin">
                  </a> <!-- testInvalidLogin -->
                  <span class="method-name">testInvalidLogin</span>
                </div> <!-- method-content -->
              </div> <!-- method -->
            </div> <!-- main-panel-content rounded-window-bottom -->
          </div> <!-- suite-Suite-class-passed -->
          <div class="suite-Suite-class-passed">
            <div class="main-panel-header rounded-window-top">
              <img src="passed.png"/>
              <span class="class-name">com.actitime.tests.ValidLoginLogoutTest</span>
            </div> <!-- main-panel-header rounded-window-top -->
            <div class="main-panel-content rounded-window-bottom">
              <div class="method">
                <div class="method-content">
                  <a name="testValidLoginLogout">
                  </a> <!-- testValidLoginLogout -->
                  <span class="method-name">testValidLoginLogout</span>
                </div> <!-- method-content -->
              </div> <!-- method -->
            </div> <!-- main-panel-content rounded-window-bottom -->
          </div> <!-- suite-Suite-class-passed -->
        </div> <!-- panel Suite -->
        <div panel-name="test-xml-Suite" class="panel">
          <div class="main-panel-header rounded-window-top">
            <span class="header-content">D:\qspider java class\Project management\ActiTime\testng.xml</span>
          </div> <!-- main-panel-header rounded-window-top -->
          <div class="main-panel-content rounded-window-bottom">
            <pre>
&lt;?xml version=&quot;1.0&quot; encoding=&quot;UTF-8&quot;?&gt;
&lt;!DOCTYPE suite SYSTEM &quot;http://testng.org/testng-1.0.dtd&quot;&gt;
&lt;suite guice-stage=&quot;DEVELOPMENT&quot; name=&quot;Suite&quot;&gt;
  &lt;test thread-count=&quot;5&quot; name=&quot;ChromeTest&quot;&gt;
    &lt;packages&gt;
      &lt;package name=&quot;com.actitime.tests&quot;/&gt;
    &lt;/packages&gt;
    &lt;classes&gt;
      &lt;class name=&quot;com.actitime.tests.InvalidLoginTest&quot;/&gt;
      &lt;class name=&quot;com.actitime.tests.ValidLoginLogoutTest&quot;/&gt;
      &lt;class name=&quot;com.actitime.tests.VerifyBuildNumTest&quot;/&gt;
      &lt;class name=&quot;com.actitime.tests.VerifyVersionTesst&quot;/&gt;
    &lt;/classes&gt;
  &lt;/test&gt; &lt;!-- ChromeTest --&gt;
&lt;/suite&gt; &lt;!-- Suite --&gt;
            </pre>
          </div> <!-- main-panel-content rounded-window-bottom -->
        </div> <!-- panel -->
        <div panel-name="testlist-Suite" class="panel">
          <div class="main-panel-header rounded-window-top">
            <span class="header-content">Tests for Suite</span>
          </div> <!-- main-panel-header rounded-window-top -->
          <div class="main-panel-content rounded-window-bottom">
            <ul>
              <li>
                <span class="test-name">ChromeTest (4 classes)</span>
              </li>
            </ul>
          </div> <!-- main-panel-content rounded-window-bottom -->
        </div> <!-- panel -->
        <div panel-name="group-Suite" class="panel">
          <div class="main-panel-header rounded-window-top">
            <span class="header-content">Groups for Suite</span>
          </div> <!-- main-panel-header rounded-window-top -->
          <div class="main-panel-content rounded-window-bottom">
          </div> <!-- main-panel-content rounded-window-bottom -->
        </div> <!-- panel -->
        <div panel-name="times-Suite" class="panel">
          <div class="main-panel-header rounded-window-top">
            <span class="header-content">Times for Suite</span>
          </div> <!-- main-panel-header rounded-window-top -->
          <div class="main-panel-content rounded-window-bottom">
            <div class="times-div">
              <script type="text/javascript">
suiteTableInitFunctions.push('tableData_Suite');
function tableData_Suite() {
var data = new google.visualization.DataTable();
data.addColumn('number', 'Number');
data.addColumn('string', 'Method');
data.addColumn('string', 'Class');
data.addColumn('number', 'Time (ms)');
data.addRows(4);
data.setCell(0, 0, 0)
data.setCell(0, 1, 'testVerifyBuildNum')
data.setCell(0, 2, 'com.actitime.tests.VerifyBuildNumTest')
data.setCell(0, 3, 27089);
data.setCell(1, 0, 1)
data.setCell(1, 1, 'testInvalidLogin')
data.setCell(1, 2, 'com.actitime.tests.InvalidLoginTest')
data.setCell(1, 3, 23734);
data.setCell(2, 0, 2)
data.setCell(2, 1, 'testValidLoginLogout')
data.setCell(2, 2, 'com.actitime.tests.ValidLoginLogoutTest')
data.setCell(2, 3, 18179);
data.setCell(3, 0, 3)
data.setCell(3, 1, 'testVerifyVersion')
data.setCell(3, 2, 'com.actitime.tests.VerifyVersionTesst')
data.setCell(3, 3, 286);
window.suiteTableData['Suite']= { tableData: data, tableDiv: 'times-div-Suite'}
return data;
}
              </script>
              <span class="suite-total-time">Total running time: 1 minutes</span>
              <div id="times-div-Suite">
              </div> <!-- times-div-Suite -->
            </div> <!-- times-div -->
          </div> <!-- main-panel-content rounded-window-bottom -->
        </div> <!-- panel -->
        <div panel-name="reporter-Suite" class="panel">
          <div class="main-panel-header rounded-window-top">
            <span class="header-content">Reporter output for Suite</span>
          </div> <!-- main-panel-header rounded-window-top -->
          <div class="main-panel-content rounded-window-bottom">
            <div class="reporter-method-div">
              <span class="reporter-method-name">testInvalidLogin</span>
              <div class="reporter-method-output-div">
                <span class="reporter-method-output">Title is matching: actiTIME - Login</span>
                <span class="reporter-method-output">InValid usernamme:admin</span>
                <span class="reporter-method-output">InValid password:danager</span>
                <span class="reporter-method-output">element is present</span>
                <span class="reporter-method-output">Actual Erroe msg:Username or Password is invalid. Please try again.</span>
                <span class="reporter-method-output">expexted erroe Msg:Username or Password is invalid. Please try again.</span>
                <span class="reporter-method-output">Error msg matching:</span>
                <span class="reporter-method-output">===================================</span>
                <span class="reporter-method-output">InValid usernamme:prabha</span>
                <span class="reporter-method-output">InValid password:manager</span>
                <span class="reporter-method-output">element is present</span>
                <span class="reporter-method-output">Actual Erroe msg:Username or Password is invalid. Please try again.</span>
                <span class="reporter-method-output">expexted erroe Msg:Username or Password is invalid. Please try again.</span>
                <span class="reporter-method-output">Error msg matching:</span>
                <span class="reporter-method-output">===================================</span>
                <span class="reporter-method-output">InValid usernamme:jspiders</span>
                <span class="reporter-method-output">InValid password:qspieder</span>
                <span class="reporter-method-output">element is present</span>
                <span class="reporter-method-output">Actual Erroe msg:Username or Password is invalid. Please try again.</span>
                <span class="reporter-method-output">expexted erroe Msg:Username or Password is invalid. Please try again.</span>
                <span class="reporter-method-output">Error msg matching:</span>
                <span class="reporter-method-output">===================================</span>
                <span class="reporter-method-output">InValid usernamme:</span>
                <span class="reporter-method-output">InValid password:manager</span>
                <span class="reporter-method-output">element is present</span>
                <span class="reporter-method-output">Actual Erroe msg:Username or Password is invalid. Please try again.</span>
                <span class="reporter-method-output">expexted erroe Msg:Username or Password is invalid. Please try again.</span>
                <span class="reporter-method-output">Error msg matching:</span>
                <span class="reporter-method-output">===================================</span>
                <span class="reporter-method-output">InValid usernamme:admin</span>
                <span class="reporter-method-output">InValid password:</span>
                <span class="reporter-method-output">element is present</span>
                <span class="reporter-method-output">Actual Erroe msg:Username or Password is invalid. Please try again.</span>
                <span class="reporter-method-output">expexted erroe Msg:Username or Password is invalid. Please try again.</span>
                <span class="reporter-method-output">Error msg matching:</span>
                <span class="reporter-method-output">===================================</span>
                <span class="reporter-method-output">InValid usernamme:@</span>
                <span class="reporter-method-output">InValid password:$</span>
                <span class="reporter-method-output">element is present</span>
                <span class="reporter-method-output">Actual Erroe msg:Username or Password is invalid. Please try again.</span>
                <span class="reporter-method-output">expexted erroe Msg:Username or Password is invalid. Please try again.</span>
                <span class="reporter-method-output">Error msg matching:</span>
                <span class="reporter-method-output">===================================</span>
                <span class="reporter-method-output">InValid usernamme:1</span>
                <span class="reporter-method-output">InValid password:2</span>
                <span class="reporter-method-output">element is present</span>
                <span class="reporter-method-output">Actual Erroe msg:Username or Password is invalid. Please try again.</span>
                <span class="reporter-method-output">expexted erroe Msg:Username or Password is invalid. Please try again.</span>
                <span class="reporter-method-output">Error msg matching:</span>
                <span class="reporter-method-output">===================================</span>
              </div> <!-- reporter-method-output-div -->
            </div> <!-- reporter-method-div -->
            <div class="reporter-method-div">
              <span class="reporter-method-name">testValidLoginLogout</span>
              <div class="reporter-method-output-div">
                <span class="reporter-method-output">Title is matching: actiTIME - Login</span>
                <span class="reporter-method-output">Valid usernamme:admin</span>
                <span class="reporter-method-output">Valid password:manager</span>
                <span class="reporter-method-output">Title is matching: actiTIME - Enter Time-Track</span>
              </div> <!-- reporter-method-output-div -->
            </div> <!-- reporter-method-div -->
            <div class="reporter-method-div">
              <span class="reporter-method-name">testVerifyBuildNum</span>
              <div class="reporter-method-output-div">
                <span class="reporter-method-output">Title is matching: actiTIME - Login</span>
                <span class="reporter-method-output">Valid usernamme:admin</span>
                <span class="reporter-method-output">Valid password:manager</span>
                <span class="reporter-method-output">Title is matching: actiTIME - Enter Time-Track</span>
                <span class="reporter-method-output">element is not present</span>
              </div> <!-- reporter-method-output-div -->
            </div> <!-- reporter-method-div -->
            <div class="reporter-method-div">
              <span class="reporter-method-name">testVerifyVersion</span>
              <div class="reporter-method-output-div">
                <span class="reporter-method-output">Title is matching: actiTIME - Login</span>
                <span class="reporter-method-output">element is present</span>
                <span class="reporter-method-output">Actual Version:actiTIME 2019.3 Pro</span>
                <span class="reporter-method-output">Expected Version:actiTIME 2019.2 Pro</span>
              </div> <!-- reporter-method-output-div -->
            </div> <!-- reporter-method-div -->
          </div> <!-- main-panel-content rounded-window-bottom -->
        </div> <!-- panel -->
        <div panel-name="ignored-methods-Suite" class="panel">
          <div class="main-panel-header rounded-window-top">
            <span class="header-content">0 ignored methods</span>
          </div> <!-- main-panel-header rounded-window-top -->
          <div class="main-panel-content rounded-window-bottom">
          </div> <!-- main-panel-content rounded-window-bottom -->
        </div> <!-- panel -->
        <div panel-name="chronological-Suite" class="panel">
          <div class="main-panel-header rounded-window-top">
            <span class="header-content">Methods in chronological order</span>
          </div> <!-- main-panel-header rounded-window-top -->
          <div class="main-panel-content rounded-window-bottom">
            <div class="chronological-class">
              <div class="chronological-class-name">com.actitime.tests.ValidLoginLogoutTest</div> <!-- chronological-class-name -->
              <div class="configuration-method before">
                <span class="method-name">preCondition</span>
                <span class="method-start">0 ms</span>
              </div> <!-- configuration-method before -->
              <div class="test-method">
                <span class="method-name">testValidLoginLogout</span>
                <span class="method-start">40466 ms</span>
              </div> <!-- test-method -->
              <div class="configuration-method after">
                <span class="method-name">postCondition([TestResult name=testValidLoginLogout status=SUCCESS method=ValidLoginLogoutTest.testValidLoginLogou...)</span>
                <span class="method-start">58653 ms</span>
              </div> <!-- configuration-method after -->
            </div> <!-- chronological-class -->
            <div class="chronological-class">
              <div class="chronological-class-name">com.actitime.tests.InvalidLoginTest</div> <!-- chronological-class-name -->
              <div class="configuration-method before">
                <span class="method-name">preCondition</span>
                <span class="method-start">58943 ms</span>
              </div> <!-- configuration-method before -->
              <div class="test-method">
                <span class="method-name">testInvalidLogin</span>
                <span class="method-start">106160 ms</span>
              </div> <!-- test-method -->
              <div class="configuration-method after">
                <span class="method-name">postCondition([TestResult name=testInvalidLogin status=SUCCESS method=InvalidLoginTest.testInvalidLogin()[pri:2, i...)</span>
                <span class="method-start">129898 ms</span>
              </div> <!-- configuration-method after -->
            </div> <!-- chronological-class -->
            <div class="chronological-class">
              <div class="chronological-class-name">com.actitime.tests.VerifyVersionTesst</div> <!-- chronological-class-name -->
              <div class="configuration-method before">
                <span class="method-name">preCondition</span>
                <span class="method-start">130116 ms</span>
              </div> <!-- configuration-method before -->
              <div class="test-method">
                <img src="failed.png">
                </img>
                <span class="method-name">testVerifyVersion</span>
                <span class="method-start">146643 ms</span>
              </div> <!-- test-method -->
              <div class="configuration-method after">
                <span class="method-name">postCondition([TestResult name=testVerifyVersion status=FAILURE method=VerifyVersionTesst.testVerifyVersion()[pri:...)</span>
                <span class="method-start">146935 ms</span>
              </div> <!-- configuration-method after -->
            </div> <!-- chronological-class -->
            <div class="chronological-class">
              <div class="chronological-class-name">com.actitime.tests.VerifyBuildNumTest</div> <!-- chronological-class-name -->
              <div class="configuration-method before">
                <span class="method-name">preCondition</span>
                <span class="method-start">150053 ms</span>
              </div> <!-- configuration-method before -->
              <div class="test-method">
                <img src="failed.png">
                </img>
                <span class="method-name">testVerifyBuildNum</span>
                <span class="method-start">167727 ms</span>
              </div> <!-- test-method -->
              <div class="configuration-method after">
                <span class="method-name">postCondition([TestResult name=testVerifyBuildNum status=FAILURE method=VerifyBuildNumTest.testVerifyBuildNum()[pr...)</span>
                <span class="method-start">194822 ms</span>
              </div> <!-- configuration-method after -->
          </div> <!-- main-panel-content rounded-window-bottom -->
        </div> <!-- panel -->
      </div> <!-- main-panel-root -->
    </div> <!-- wrapper -->
  </body>
</html>
